<?xml version="1.0" encoding="UTF-8"?>
<!-- Generated by org.testng.reporters.JUnitReportReporter -->
<testsuite hostname="DESKTOP-HUTS959" failures="0" tests="1" name="cleartrip.flightbooking.tc.TC_itinerary" time="236.036" errors="0" timestamp="29 Jun 2021 07:32:20 GMT" skipped="0">
  <testcase classname="cleartrip.flightbooking.tc.TC_itinerary" name="itenearyactions" time="236.036"/>
</testsuite> <!-- cleartrip.flightbooking.tc.TC_itinerary -->
