<?xml version="1.0" encoding="UTF-8"?>
<!-- Generated by org.testng.reporters.JUnitReportReporter -->
<testsuite hostname="DESKTOP-HUTS959" failures="0" tests="1" name="cleartrip.flightbooking.tc.TC_Flightbooking" time="52.978" errors="0" timestamp="28 Jun 2021 14:38:01 GMT" skipped="0">
  <testcase classname="cleartrip.flightbooking.tc.TC_Flightbooking" name="book_ticket" time="52.978"/>
</testsuite> <!-- cleartrip.flightbooking.tc.TC_Flightbooking -->
