<?xml version="1.0" encoding="UTF-8"?>
<!-- Generated by org.testng.reporters.JUnitReportReporter -->
<testsuite hostname="DESKTOP-HUTS959" failures="0" tests="1" name="cleartrip.flightbooking.tc.TC_verifypagloading" time="54.811" errors="0" timestamp="28 Jun 2021 17:42:55 GMT" skipped="0">
  <testcase classname="cleartrip.flightbooking.tc.TC_verifypagloading" name="Verify_Pageloading_Clickbookbtn" time="54.811"/>
</testsuite> <!-- cleartrip.flightbooking.tc.TC_verifypagloading -->
